Added Component: Designator=KEY1(KEY)
Added Component: Designator=KEY2(KEY)
Added Component: Designator=KEY3(KEY)
Added Component: Designator=KEY4(KEY)
Added Component: Designator=P1(HDR1X6)
Add component (AddParameter): Name = "LatestRevisionDate"; Value = "17-Jul-2002"; VariantName = "[No Variations]"
Add component (AddParameter): Name = "LatestRevisionNote"; Value = "Re-released for DXP Platform."; VariantName = "[No Variations]"
Add component (AddParameter): Name = "Publisher"; Value = "Altium Limited"; VariantName = "[No Variations]"
Added Component: Designator=R1(R 0603_M)
Add component (AddParameter): Name = "BOM名称"; Value = "贴片电阻"; VariantName = "[No Variations]"
Add component (AddParameter): Name = "下单链接"; Value = "https://item.taobao.com/item.htm?ft=t&id=613637044352"; VariantName = "[No Variations]"
Add component (AddParameter): Name = "淘宝ID"; Value = "小糖豆的小窝窝"; VariantName = "[No Variations]"
Added Component: Designator=R2(R 0603_M)
Add component (AddParameter): Name = "BOM名称"; Value = "贴片电阻"; VariantName = "[No Variations]"
Add component (AddParameter): Name = "下单链接"; Value = "https://item.taobao.com/item.htm?ft=t&id=613637044352"; VariantName = "[No Variations]"
Add component (AddParameter): Name = "淘宝ID"; Value = "小糖豆的小窝窝"; VariantName = "[No Variations]"
Added Component: Designator=R3(R 0603_M)
Add component (AddParameter): Name = "BOM名称"; Value = "贴片电阻"; VariantName = "[No Variations]"
Add component (AddParameter): Name = "下单链接"; Value = "https://item.taobao.com/item.htm?ft=t&id=613637044352"; VariantName = "[No Variations]"
Add component (AddParameter): Name = "淘宝ID"; Value = "小糖豆的小窝窝"; VariantName = "[No Variations]"
Added Component: Designator=R4(R 0603_M)
Add component (AddParameter): Name = "BOM名称"; Value = "贴片电阻"; VariantName = "[No Variations]"
Add component (AddParameter): Name = "下单链接"; Value = "https://item.taobao.com/item.htm?ft=t&id=613637044352"; VariantName = "[No Variations]"
Add component (AddParameter): Name = "淘宝ID"; Value = "小糖豆的小窝窝"; VariantName = "[No Variations]"
Added Pin To Net: NetName=GND Pin=KEY1-1
Added Pin To Net: NetName=GND Pin=KEY1-1
Added Pin To Net: NetName=GND Pin=KEY1-2
Added Pin To Net: NetName=GND Pin=KEY1-2
Added Pin To Net: NetName=GND Pin=KEY2-1
Added Pin To Net: NetName=GND Pin=KEY2-1
Added Pin To Net: NetName=GND Pin=KEY2-2
Added Pin To Net: NetName=GND Pin=KEY2-2
Added Pin To Net: NetName=GND Pin=KEY3-1
Added Pin To Net: NetName=GND Pin=KEY3-1
Added Pin To Net: NetName=GND Pin=KEY3-2
Added Pin To Net: NetName=GND Pin=KEY3-2
Added Pin To Net: NetName=GND Pin=KEY4-1
Added Pin To Net: NetName=GND Pin=KEY4-1
Added Pin To Net: NetName=GND Pin=KEY4-2
Added Pin To Net: NetName=GND Pin=KEY4-2
Added Pin To Net: NetName=GND Pin=P1-6
Added Net: Name=GND
Added Pin To Net: NetName=KEY1 Pin=P1-1
Added Pin To Net: NetName=KEY1 Pin=R1-1
Added Net: Name=KEY1
Added Pin To Net: NetName=KEY2 Pin=P1-2
Added Pin To Net: NetName=KEY2 Pin=R2-1
Added Net: Name=KEY2
Added Pin To Net: NetName=KEY3 Pin=P1-3
Added Pin To Net: NetName=KEY3 Pin=R3-1
Added Net: Name=KEY3
Added Pin To Net: NetName=KEY4 Pin=P1-4
Added Pin To Net: NetName=KEY4 Pin=R4-1
Added Net: Name=KEY4
Added Pin To Net: NetName=VCC Pin=P1-5
Added Pin To Net: NetName=VCC Pin=R1-2
Added Pin To Net: NetName=VCC Pin=R2-2
Added Pin To Net: NetName=VCC Pin=R3-2
Added Pin To Net: NetName=VCC Pin=R4-2
Added Net: Name=VCC
Added Class: Name=Sheet1
Added Room: Name=Sheet1
